[2024-06-27 18:15:27 UTC]: DOWNLOADED cartography/src/ne_10m_admin_0_countries/ne_10m_admin_0_countries.README.html
[2024-06-27 18:15:28 UTC]: DOWNLOADED cartography/src/ne_10m_admin_0_countries/ne_10m_admin_0_countries.VERSION.txt
[2024-06-27 18:15:28 UTC]: DOWNLOADED cartography/src/ne_10m_admin_0_countries/ne_10m_admin_0_countries.cpg
[2024-06-27 18:15:28 UTC]: DOWNLOADED cartography/src/ne_10m_admin_0_countries/ne_10m_admin_0_countries.dbf
[2024-06-27 18:15:29 UTC]: DOWNLOADED cartography/src/ne_10m_admin_0_countries/ne_10m_admin_0_countries.prj
[2024-06-27 18:15:30 UTC]: DOWNLOADED cartography/src/ne_10m_admin_0_countries/ne_10m_admin_0_countries.shp
[2024-06-27 18:15:30 UTC]: DOWNLOADED cartography/src/ne_10m_admin_0_countries/ne_10m_admin_0_countries.shx
[2024-06-27 18:15:30 UTC]: DOWNLOADED cartography/src/ne_10m_admin_0_map_subunits/ne_10m_admin_0_map_subunits.README.html
[2024-06-27 18:15:31 UTC]: DOWNLOADED cartography/src/ne_10m_admin_0_map_subunits/ne_10m_admin_0_map_subunits.VERSION.txt
[2024-06-27 18:15:31 UTC]: DOWNLOADED cartography/src/ne_10m_admin_0_map_subunits/ne_10m_admin_0_map_subunits.cpg
[2024-06-27 18:15:31 UTC]: DOWNLOADED cartography/src/ne_10m_admin_0_map_subunits/ne_10m_admin_0_map_subunits.dbf
[2024-06-27 18:15:31 UTC]: DOWNLOADED cartography/src/ne_10m_admin_0_map_subunits/ne_10m_admin_0_map_subunits.prj
[2024-06-27 18:15:33 UTC]: DOWNLOADED cartography/src/ne_10m_admin_0_map_subunits/ne_10m_admin_0_map_subunits.shp
[2024-06-27 18:15:33 UTC]: DOWNLOADED cartography/src/ne_10m_admin_0_map_subunits/ne_10m_admin_0_map_subunits.shx
[2024-06-27 18:15:33 UTC]: DOWNLOADED cartography/src/ne_10m_admin_0_disputed_areas/ne_10m_admin_0_disputed_areas.README.html
[2024-06-27 18:15:33 UTC]: DOWNLOADED cartography/src/ne_10m_admin_0_disputed_areas/ne_10m_admin_0_disputed_areas.VERSION.txt
[2024-06-27 18:15:34 UTC]: DOWNLOADED cartography/src/ne_10m_admin_0_disputed_areas/ne_10m_admin_0_disputed_areas.cpg
[2024-06-27 18:15:34 UTC]: DOWNLOADED cartography/src/ne_10m_admin_0_disputed_areas/ne_10m_admin_0_disputed_areas.dbf
[2024-06-27 18:15:34 UTC]: DOWNLOADED cartography/src/ne_10m_admin_0_disputed_areas/ne_10m_admin_0_disputed_areas.prj
[2024-06-27 18:15:35 UTC]: DOWNLOADED cartography/src/ne_10m_admin_0_disputed_areas/ne_10m_admin_0_disputed_areas.shp
[2024-06-27 18:15:35 UTC]: DOWNLOADED cartography/src/ne_10m_admin_0_disputed_areas/ne_10m_admin_0_disputed_areas.shx
[2024-06-27 18:15:36 UTC]: source files read
[2024-06-27 18:15:37 UTC]: merges and output processing complete
[2024-06-27 18:15:38 UTC]: WRITE cartography/proc/main_entities_raw.geojson
[2024-06-27 18:15:38 UTC]: WRITE cartography/proc/small_entities_raw.geojson
[2024-06-27 18:15:39 UTC]: intermediate files read
[2024-06-27 18:15:43 UTC]: simplification processing complete
[2024-06-27 18:15:43 UTC]: WRITE cartography/out/world_lowres.geojson
